<?xml version="1.0" encoding="UTF-8"?>
<testng-results ignored="0" total="1" passed="1" failed="0" skipped="0">
  <reporter-output>
  </reporter-output>
  <suite started-at="2024-02-23T00:03:38 IST" name="Default suite" finished-at="2024-02-23T00:04:04 IST" duration-ms="26247">
    <groups>
    </groups>
    <test started-at="2024-02-23T00:03:38 IST" name="Default test" finished-at="2024-02-23T00:04:04 IST" duration-ms="26247">
      <class name="smokeTest.checkoutFunctionality">
        <test-method is-config="true" signature="beforeTest()[pri:0, instance:smokeTest.checkoutFunctionality@55536d9e]" started-at="2024-02-23T00:03:26 IST" name="beforeTest" finished-at="2024-02-23T00:03:38 IST" duration-ms="11998" status="PASS">
          <reporter-output>
          </reporter-output>
        </test-method> <!-- beforeTest -->
        <test-method signature="checkoutFunctionality()[pri:0, instance:smokeTest.checkoutFunctionality@55536d9e]" started-at="2024-02-23T00:03:38 IST" name="checkoutFunctionality" description="Checkout functionality" finished-at="2024-02-23T00:04:04 IST" duration-ms="26224" status="PASS">
          <reporter-output>
          </reporter-output>
        </test-method> <!-- checkoutFunctionality -->
        <test-method is-config="true" signature="afterTest()[pri:0, instance:smokeTest.checkoutFunctionality@55536d9e]" started-at="2024-02-23T00:04:04 IST" name="afterTest" finished-at="2024-02-23T00:04:05 IST" duration-ms="100" status="PASS">
          <reporter-output>
          </reporter-output>
        </test-method> <!-- afterTest -->
      </class> <!-- smokeTest.checkoutFunctionality -->
    </test> <!-- Default test -->
  </suite> <!-- Default suite -->
</testng-results>
